AwesomeProject/android/app/build/intermediates/manifest_merge_blame_file/debug/manifest-merger-blame-debug-report.txt
1<?xml version="1.0" encoding="utf-8"?>
2<manifest xmlns:android="http://schemas.android.com/apk/res/android"
3    package="com.awesomeproject"
4    android:versionCode="1"
5    android:versionName="1.0" >
6
7    <uses-sdk
8        android:minSdkVersion="21"
9        android:targetSdkVersion="33" />
10
11    <uses-permission android:name="android.permission.SYSTEM_ALERT_WINDOW" />
11-->src\debug\AndroidManifest.xml:5:5-77
11-->src\debug\AndroidManifest.xml:5:22-75
12    <uses-permission android:name="android.permission.INTERNET" />
12-->src\main\AndroidManifest.xml:3:5-67
12-->src\main\AndroidManifest.xml:3:22-64
13    <uses-permission android:name="android.permission.ACCESS_WIFI_STATE" />
13-->[com.facebook.flipper:flipper:0.182.0] AndroidManifest.xml:16:5-76
13-->[com.facebook.flipper:flipper:0.182.0] AndroidManifest.xml:16:22-73
14
15    <queries>
15-->[:react-native-image-crop-picker] AndroidManifest.xml:7:5-11:15
16        <intent>
16-->[:react-native-image-crop-picker] AndroidManifest.xml:8:9-10:18
17            <action android:name="android.media.action.IMAGE_CAPTURE" />
17-->[:react-native-image-crop-picker] AndroidManifest.xml:9:13-73
17-->[:react-native-image-crop-picker] AndroidManifest.xml:9:21-70
18        </intent>
19    </queries>
20
21    <uses-permission android:name="android.permission.WRITE_EXTERNAL_STORAGE" />
21-->[:react-native-image-crop-picker] AndroidManifest.xml:13:5-81
21-->[:react-native-image-crop-picker] AndroidManifest.xml:13:22-78
22    <uses-permission android:name="android.permission.READ_EXTERNAL_STORAGE" />
23
24    <application
24-->src\main\AndroidManifest.xml:5:5-24:19
25        android:name="com.awesomeproject.MainApplication"
25-->src\main\AndroidManifest.xml:6:7-38
26        android:allowBackup="false"
26-->src\main\AndroidManifest.xml:10:7-34
27        android:appComponentFactory="androidx.core.app.CoreComponentFactory"
27-->[androidx.core:core:1.7.0] AndroidManifest.xml:24:18-86
28        android:debuggable="true"
29        android:icon="@mipmap/ic_launcher"
29-->src\main\AndroidManifest.xml:8:7-41
30        android:label="@string/app_name"
30-->src\main\AndroidManifest.xml:7:7-39
31        android:roundIcon="@mipmap/ic_launcher_round"
31-->src\main\AndroidManifest.xml:9:7-52
32        android:theme="@style/AppTheme"
32-->src\main\AndroidManifest.xml:11:7-38
33        android:usesCleartextTraffic="true" >
33-->src\debug\AndroidManifest.xml:8:9-44
34        <activity
34-->src\debug\AndroidManifest.xml:11:9-111
35            android:name="com.facebook.react.devsupport.DevSettingsActivity"
35-->src\debug\AndroidManifest.xml:11:19-83
36            android:exported="false" />
36-->src\debug\AndroidManifest.xml:11:84-108
37        <activity
37-->src\main\AndroidManifest.xml:12:7-23:18
38            android:name="com.awesomeproject.MainActivity"
38-->src\main\AndroidManifest.xml:13:9-37
39            android:configChanges="keyboard|keyboardHidden|orientation|screenLayout|screenSize|smallestScreenSize|uiMode"
39-->src\main\AndroidManifest.xml:15:9-118
40            android:exported="true"
40-->src\main\AndroidManifest.xml:18:9-32
41            android:label="@string/app_name"
41-->src\main\AndroidManifest.xml:14:9-41
42            android:launchMode="singleTask"
42-->src\main\AndroidManifest.xml:16:9-40
43            android:windowSoftInputMode="adjustResize" >
43-->src\main\AndroidManifest.xml:17:9-51
44            <intent-filter>
44-->src\main\AndroidManifest.xml:19:9-22:25
45                <action android:name="android.intent.action.MAIN" />
45-->src\main\AndroidManifest.xml:20:13-65
45-->src\main\AndroidManifest.xml:20:21-62
46
47                <category android:name="android.intent.category.LAUNCHER" />
47-->src\main\AndroidManifest.xml:21:13-73
47-->src\main\AndroidManifest.xml:21:23-70
48            </intent-filter>
49        </activity>
50
51        <provider
51-->[:react-native-image-crop-picker] AndroidManifest.xml:16:9-24:20
52            android:name="com.reactnative.ivpusic.imagepicker.IvpusicImagePickerFileProvider"
52-->[:react-native-image-crop-picker] AndroidManifest.xml:17:13-94
53            android:authorities="com.awesomeproject.provider"
53-->[:react-native-image-crop-picker] AndroidManifest.xml:18:13-60
54            android:exported="false"
54-->[:react-native-image-crop-picker] AndroidManifest.xml:19:13-37
55            android:grantUriPermissions="true" >
55-->[:react-native-image-crop-picker] AndroidManifest.xml:20:13-47
56            <meta-data
56-->[:react-native-image-crop-picker] AndroidManifest.xml:21:13-23:78
57                android:name="android.support.FILE_PROVIDER_PATHS"
57-->[:react-native-image-crop-picker] AndroidManifest.xml:22:17-67
58                android:resource="@xml/ivpusic_imagepicker_provider_paths" />
58-->[:react-native-image-crop-picker] AndroidManifest.xml:23:17-75
59        </provider>
60
61        <activity
61-->[:react-native-image-crop-picker] AndroidManifest.xml:26:9-28:72
62            android:name="com.yalantis.ucrop.UCropActivity"
62-->[:react-native-image-crop-picker] AndroidManifest.xml:27:13-60
63            android:theme="@style/Theme.AppCompat.Light.NoActionBar" />
63-->[:react-native-image-crop-picker] AndroidManifest.xml:28:13-69
64
65        <provider
65-->[:react-native-image-picker] AndroidManifest.xml:8:9-16:20
66            android:name="com.imagepicker.ImagePickerProvider"
66-->[:react-native-image-picker] AndroidManifest.xml:9:13-63
67            android:authorities="com.awesomeproject.imagepickerprovider"
67-->[:react-native-image-picker] AndroidManifest.xml:10:13-71
68            android:exported="false"
68-->[:react-native-image-picker] AndroidManifest.xml:11:13-37
69            android:grantUriPermissions="true" >
69-->[:react-native-image-picker] AndroidManifest.xml:12:13-47
70            <meta-data
70-->[:react-native-image-crop-picker] AndroidManifest.xml:21:13-23:78
71                android:name="android.support.FILE_PROVIDER_PATHS"
71-->[:react-native-image-crop-picker] AndroidManifest.xml:22:17-67
72                android:resource="@xml/imagepicker_provider_paths" />
72-->[:react-native-image-crop-picker] AndroidManifest.xml:23:17-75
73        </provider>
74
75        <meta-data
75-->[com.facebook.soloader:soloader:0.10.5] AndroidManifest.xml:12:9-14:37
76            android:name="com.facebook.soloader.enabled"
76-->[com.facebook.soloader:soloader:0.10.5] AndroidManifest.xml:13:13-57
77            android:value="false" />
77-->[com.facebook.soloader:soloader:0.10.5] AndroidManifest.xml:14:13-34
78
79        <provider
79-->[androidx.emoji2:emoji2:1.0.0] AndroidManifest.xml:26:9-34:20
80            android:name="androidx.startup.InitializationProvider"
80-->[androidx.emoji2:emoji2:1.0.0] AndroidManifest.xml:27:13-67
81            android:authorities="com.awesomeproject.androidx-startup"
81-->[androidx.emoji2:emoji2:1.0.0] AndroidManifest.xml:28:13-68
82            android:exported="false" >
82-->[androidx.emoji2:emoji2:1.0.0] AndroidManifest.xml:29:13-37
83            <meta-data
83-->[androidx.emoji2:emoji2:1.0.0] AndroidManifest.xml:31:13-33:52
84                android:name="androidx.emoji2.text.EmojiCompatInitializer"
84-->[androidx.emoji2:emoji2:1.0.0] AndroidManifest.xml:32:17-75
85                android:value="androidx.startup" />
85-->[androidx.emoji2:emoji2:1.0.0] AndroidManifest.xml:33:17-49
86            <meta-data
86-->[androidx.lifecycle:lifecycle-process:2.4.0] AndroidManifest.xml:31:13-33:52
87                android:name="androidx.lifecycle.ProcessLifecycleInitializer"
87-->[androidx.lifecycle:lifecycle-process:2.4.0] AndroidManifest.xml:32:17-78
88                android:value="androidx.startup" />
88-->[androidx.lifecycle:lifecycle-process:2.4.0] AndroidManifest.xml:33:17-49
89        </provider>
90    </application>
91
92</manifest>